<?xml version="1.0" encoding="UTF-8"?>
<!-- Generated by org.testng.reporters.JUnitXMLReporter -->
<testsuite hostname="LAPTOP-A5GJABUP" ignored="0" name="Test" tests="1" failures="1" timestamp="2019-09-11T23:14:53 CEST" time="0.131" errors="0">
  <testcase name="session1" time="0.077" classname="MultipleTestSuites.MultipleTestSuites.AppTest">
    <failure type="java.lang.IllegalStateException" message="The driver executable does not exist: D:\DevTools\eclipse\workspace\HomeGurukulaWorkspace\MultipleTestSuites\chromedriver.exe">
      <![CDATA[java.lang.IllegalStateException: The driver executable does not exist: D:\DevTools\eclipse\workspace\HomeGurukulaWorkspace\MultipleTestSuites\chromedriver.exe
at com.google.common.base.Preconditions.checkState(Preconditions.java:589)
at org.openqa.selenium.remote.service.DriverService.checkExecutable(DriverService.java:147)
at org.openqa.selenium.remote.service.DriverService.findExecutable(DriverService.java:142)
at org.openqa.selenium.chrome.ChromeDriverService.access$000(ChromeDriverService.java:35)
at org.openqa.selenium.chrome.ChromeDriverService$Builder.findDefaultExecutable(ChromeDriverService.java:177)
at org.openqa.selenium.remote.service.DriverService$Builder.build(DriverService.java:363)
at org.openqa.selenium.chrome.ChromeDriverService.createDefaultService(ChromeDriverService.java:100)
at org.openqa.selenium.chrome.ChromeDriver.<init>(ChromeDriver.java:105)
at MultipleTestSuites.MultipleTestSuites.AppTest.session1(AppTest.java:17)
at java.util.ArrayList.forEach(ArrayList.java:1257)
... Removed 27 stack frames]]>
    </failure>
  </testcase> <!-- session1 -->
</testsuite> <!-- Test -->
