<?xml version="1.0" encoding="UTF-8"?>
<testng-results skipped="0" failed="5" ignored="0" total="5" passed="0">
  <reporter-output>
  </reporter-output>
  <suite name="Default suite" duration-ms="141657" started-at="2019-11-12T23:55:57 CET" finished-at="2019-11-12T23:58:19 CET">
    <groups>
      <group name="CurrencyConverter">
        <method signature="CurrencyConverterTests.tc_01_currencyConversionValidation(java.lang.String, java.lang.String, java.lang.String)[pri:0, instance:com.org.tests.CurrencyConverterTests@2353b3e6]" name="tc_01_currencyConversionValidation" class="com.org.tests.CurrencyConverterTests"/>
      </group> <!-- CurrencyConverter -->
    </groups>
    <test name="Default test" duration-ms="141657" started-at="2019-11-12T23:55:57 CET" finished-at="2019-11-12T23:58:19 CET">
      <class name="com.org.tests.CurrencyConverterTests">
        <test-method status="PASS" signature="setUp()[pri:0, instance:com.org.tests.CurrencyConverterTests@2353b3e6]" name="setUp" is-config="true" duration-ms="5670" started-at="2019-11-12T23:55:57 CET" finished-at="2019-11-12T23:56:03 CET">
          <reporter-output>
          </reporter-output>
        </test-method> <!-- setUp -->
        <test-method status="FAIL" signature="tc_01_currencyConversionValidation(java.lang.String, java.lang.String, java.lang.String)[pri:0, instance:com.org.tests.CurrencyConverterTests@2353b3e6]" name="tc_01_currencyConversionValidation" duration-ms="22312" started-at="2019-11-12T23:56:03 CET" data-provider="CurrencyInput" finished-at="2019-11-12T23:56:25 CET">
          <params>
            <param index="0">
              <value>
                <![CDATA[EUR]]>
              </value>
            </param>
            <param index="1">
              <value>
                <![CDATA[USD]]>
              </value>
            </param>
            <param index="2">
              <value>
                <![CDATA[1.09820 USD]]>
              </value>
            </param>
          </params>
          <exception class="java.lang.AssertionError">
            <message>
              <![CDATA[Actual heading '1 EUR to USD' should be same as expected heading 'EUR to USD'. expected [EUR to USD] but found [1 EUR to USD]]]>
            </message>
            <full-stacktrace>
              <![CDATA[java.lang.AssertionError: Actual heading '1 EUR to USD' should be same as expected heading 'EUR to USD'. expected [EUR to USD] but found [1 EUR to USD]
at org.testng.Assert.fail(Assert.java:97)
at org.testng.Assert.assertEqualsImpl(Assert.java:136)
at org.testng.Assert.assertEquals(Assert.java:118)
at org.testng.Assert.assertEquals(Assert.java:575)
at com.org.pages.CurrencyConverterResultsPage.CurrencyConverterResultsPageHeaderCheck(CurrencyConverterResultsPage.java:37)
at com.org.tests.CurrencyConverterTests.tc_01_currencyConversionValidation(CurrencyConverterTests.java:30)
at sun.reflect.NativeMethodAccessorImpl.invoke0(Native Method)
at sun.reflect.NativeMethodAccessorImpl.invoke(NativeMethodAccessorImpl.java:62)
at sun.reflect.DelegatingMethodAccessorImpl.invoke(DelegatingMethodAccessorImpl.java:43)
at java.lang.reflect.Method.invoke(Method.java:498)
at org.testng.internal.MethodInvocationHelper.invokeMethod(MethodInvocationHelper.java:133)
at org.testng.internal.TestInvoker.invokeMethod(TestInvoker.java:584)
at org.testng.internal.TestInvoker.invokeTestMethod(TestInvoker.java:172)
at org.testng.internal.MethodRunner.runInSequence(MethodRunner.java:46)
at org.testng.internal.TestInvoker$MethodInvocationAgent.invoke(TestInvoker.java:804)
at org.testng.internal.TestInvoker.invokeTestMethods(TestInvoker.java:145)
at org.testng.internal.TestMethodWorker.invokeTestMethods(TestMethodWorker.java:146)
at org.testng.internal.TestMethodWorker.run(TestMethodWorker.java:128)
at java.util.ArrayList.forEach(ArrayList.java:1257)
at org.testng.TestRunner.privateRun(TestRunner.java:770)
at org.testng.TestRunner.run(TestRunner.java:591)
at org.testng.SuiteRunner.runTest(SuiteRunner.java:402)
at org.testng.SuiteRunner.runSequentially(SuiteRunner.java:396)
at org.testng.SuiteRunner.privateRun(SuiteRunner.java:355)
at org.testng.SuiteRunner.run(SuiteRunner.java:304)
at org.testng.SuiteRunnerWorker.runSuite(SuiteRunnerWorker.java:53)
at org.testng.SuiteRunnerWorker.run(SuiteRunnerWorker.java:96)
at org.testng.TestNG.runSuitesSequentially(TestNG.java:1180)
at org.testng.TestNG.runSuitesLocally(TestNG.java:1102)
at org.testng.TestNG.runSuites(TestNG.java:1032)
at org.testng.TestNG.run(TestNG.java:1000)
at org.testng.remote.AbstractRemoteTestNG.run(AbstractRemoteTestNG.java:115)
at org.testng.remote.RemoteTestNG.initAndRun(RemoteTestNG.java:251)
at org.testng.remote.RemoteTestNG.main(RemoteTestNG.java:77)
]]>
            </full-stacktrace>
          </exception> <!-- java.lang.AssertionError -->
          <reporter-output>
          </reporter-output>
        </test-method> <!-- tc_01_currencyConversionValidation -->
        <test-method status="PASS" signature="teardown(org.testng.ITestResult)[pri:0, instance:com.org.tests.CurrencyConverterTests@2353b3e6]" name="teardown" is-config="true" duration-ms="1203" started-at="2019-11-12T23:56:25 CET" finished-at="2019-11-12T23:56:27 CET">
          <params>
            <param index="0">
              <value>
                <![CDATA[[TestResult name=tc_01_currencyConversionValidation status=FAILURE method=CurrencyConverterTests.tc_01_currencyConversionValidation(java.lang.String, java.lang.String, java.lang.String)[pri:0, instance:com.org.tests.CurrencyConverterTests@2353b3e6] output={null}]]]>
              </value>
            </param>
          </params>
          <reporter-output>
          </reporter-output>
        </test-method> <!-- teardown -->
        <test-method status="PASS" signature="setUp()[pri:0, instance:com.org.tests.CurrencyConverterTests@2353b3e6]" name="setUp" is-config="true" duration-ms="4626" started-at="2019-11-12T23:56:27 CET" finished-at="2019-11-12T23:56:31 CET">
          <reporter-output>
          </reporter-output>
        </test-method> <!-- setUp -->
        <test-method status="FAIL" signature="tc_01_currencyConversionValidation(java.lang.String, java.lang.String, java.lang.String)[pri:0, instance:com.org.tests.CurrencyConverterTests@2353b3e6]" name="tc_01_currencyConversionValidation" duration-ms="22410" started-at="2019-11-12T23:56:31 CET" data-provider="CurrencyInput" finished-at="2019-11-12T23:56:54 CET">
          <params>
            <param index="0">
              <value>
                <![CDATA[INR]]>
              </value>
            </param>
            <param index="1">
              <value>
                <![CDATA[USD]]>
              </value>
            </param>
            <param index="2">
              <value>
                <![CDATA[0.01412 USD]]>
              </value>
            </param>
          </params>
          <exception class="java.lang.AssertionError">
            <message>
              <![CDATA[Actual heading '1 INR to USD' should be same as expected heading 'INR to USD'. expected [INR to USD] but found [1 INR to USD]]]>
            </message>
            <full-stacktrace>
              <![CDATA[java.lang.AssertionError: Actual heading '1 INR to USD' should be same as expected heading 'INR to USD'. expected [INR to USD] but found [1 INR to USD]
at org.testng.Assert.fail(Assert.java:97)
at org.testng.Assert.assertEqualsImpl(Assert.java:136)
at org.testng.Assert.assertEquals(Assert.java:118)
at org.testng.Assert.assertEquals(Assert.java:575)
at com.org.pages.CurrencyConverterResultsPage.CurrencyConverterResultsPageHeaderCheck(CurrencyConverterResultsPage.java:37)
at com.org.tests.CurrencyConverterTests.tc_01_currencyConversionValidation(CurrencyConverterTests.java:30)
at sun.reflect.NativeMethodAccessorImpl.invoke0(Native Method)
at sun.reflect.NativeMethodAccessorImpl.invoke(NativeMethodAccessorImpl.java:62)
at sun.reflect.DelegatingMethodAccessorImpl.invoke(DelegatingMethodAccessorImpl.java:43)
at java.lang.reflect.Method.invoke(Method.java:498)
at org.testng.internal.MethodInvocationHelper.invokeMethod(MethodInvocationHelper.java:133)
at org.testng.internal.TestInvoker.invokeMethod(TestInvoker.java:584)
at org.testng.internal.TestInvoker.invokeTestMethod(TestInvoker.java:172)
at org.testng.internal.MethodRunner.runInSequence(MethodRunner.java:46)
at org.testng.internal.TestInvoker$MethodInvocationAgent.invoke(TestInvoker.java:804)
at org.testng.internal.TestInvoker.invokeTestMethods(TestInvoker.java:145)
at org.testng.internal.TestMethodWorker.invokeTestMethods(TestMethodWorker.java:146)
at org.testng.internal.TestMethodWorker.run(TestMethodWorker.java:128)
at java.util.ArrayList.forEach(ArrayList.java:1257)
at org.testng.TestRunner.privateRun(TestRunner.java:770)
at org.testng.TestRunner.run(TestRunner.java:591)
at org.testng.SuiteRunner.runTest(SuiteRunner.java:402)
at org.testng.SuiteRunner.runSequentially(SuiteRunner.java:396)
at org.testng.SuiteRunner.privateRun(SuiteRunner.java:355)
at org.testng.SuiteRunner.run(SuiteRunner.java:304)
at org.testng.SuiteRunnerWorker.runSuite(SuiteRunnerWorker.java:53)
at org.testng.SuiteRunnerWorker.run(SuiteRunnerWorker.java:96)
at org.testng.TestNG.runSuitesSequentially(TestNG.java:1180)
at org.testng.TestNG.runSuitesLocally(TestNG.java:1102)
at org.testng.TestNG.runSuites(TestNG.java:1032)
at org.testng.TestNG.run(TestNG.java:1000)
at org.testng.remote.AbstractRemoteTestNG.run(AbstractRemoteTestNG.java:115)
at org.testng.remote.RemoteTestNG.initAndRun(RemoteTestNG.java:251)
at org.testng.remote.RemoteTestNG.main(RemoteTestNG.java:77)
]]>
            </full-stacktrace>
          </exception> <!-- java.lang.AssertionError -->
          <reporter-output>
          </reporter-output>
        </test-method> <!-- tc_01_currencyConversionValidation -->
        <test-method status="PASS" signature="teardown(org.testng.ITestResult)[pri:0, instance:com.org.tests.CurrencyConverterTests@2353b3e6]" name="teardown" is-config="true" duration-ms="1202" started-at="2019-11-12T23:56:54 CET" finished-at="2019-11-12T23:56:55 CET">
          <params>
            <param index="0">
              <value>
                <![CDATA[[TestResult name=tc_01_currencyConversionValidation status=FAILURE method=CurrencyConverterTests.tc_01_currencyConversionValidation(java.lang.String, java.lang.String, java.lang.String)[pri:0, instance:com.org.tests.CurrencyConverterTests@2353b3e6] output={null}]]]>
              </value>
            </param>
          </params>
          <reporter-output>
          </reporter-output>
        </test-method> <!-- teardown -->
        <test-method status="PASS" signature="setUp()[pri:0, instance:com.org.tests.CurrencyConverterTests@2353b3e6]" name="setUp" is-config="true" duration-ms="4335" started-at="2019-11-12T23:56:55 CET" finished-at="2019-11-12T23:56:59 CET">
          <reporter-output>
          </reporter-output>
        </test-method> <!-- setUp -->
        <test-method status="FAIL" signature="tc_01_currencyConversionValidation(java.lang.String, java.lang.String, java.lang.String)[pri:0, instance:com.org.tests.CurrencyConverterTests@2353b3e6]" name="tc_01_currencyConversionValidation" duration-ms="22406" started-at="2019-11-12T23:56:59 CET" data-provider="CurrencyInput" finished-at="2019-11-12T23:57:22 CET">
          <params>
            <param index="0">
              <value>
                <![CDATA[GBP]]>
              </value>
            </param>
            <param index="1">
              <value>
                <![CDATA[INR]]>
              </value>
            </param>
            <param index="2">
              <value>
                <![CDATA[87.20680 INR]]>
              </value>
            </param>
          </params>
          <exception class="java.lang.AssertionError">
            <message>
              <![CDATA[Actual heading '1 GBP to INR' should be same as expected heading 'GBP to INR'. expected [GBP to INR] but found [1 GBP to INR]]]>
            </message>
            <full-stacktrace>
              <![CDATA[java.lang.AssertionError: Actual heading '1 GBP to INR' should be same as expected heading 'GBP to INR'. expected [GBP to INR] but found [1 GBP to INR]
at org.testng.Assert.fail(Assert.java:97)
at org.testng.Assert.assertEqualsImpl(Assert.java:136)
at org.testng.Assert.assertEquals(Assert.java:118)
at org.testng.Assert.assertEquals(Assert.java:575)
at com.org.pages.CurrencyConverterResultsPage.CurrencyConverterResultsPageHeaderCheck(CurrencyConverterResultsPage.java:37)
at com.org.tests.CurrencyConverterTests.tc_01_currencyConversionValidation(CurrencyConverterTests.java:30)
at sun.reflect.NativeMethodAccessorImpl.invoke0(Native Method)
at sun.reflect.NativeMethodAccessorImpl.invoke(NativeMethodAccessorImpl.java:62)
at sun.reflect.DelegatingMethodAccessorImpl.invoke(DelegatingMethodAccessorImpl.java:43)
at java.lang.reflect.Method.invoke(Method.java:498)
at org.testng.internal.MethodInvocationHelper.invokeMethod(MethodInvocationHelper.java:133)
at org.testng.internal.TestInvoker.invokeMethod(TestInvoker.java:584)
at org.testng.internal.TestInvoker.invokeTestMethod(TestInvoker.java:172)
at org.testng.internal.MethodRunner.runInSequence(MethodRunner.java:46)
at org.testng.internal.TestInvoker$MethodInvocationAgent.invoke(TestInvoker.java:804)
at org.testng.internal.TestInvoker.invokeTestMethods(TestInvoker.java:145)
at org.testng.internal.TestMethodWorker.invokeTestMethods(TestMethodWorker.java:146)
at org.testng.internal.TestMethodWorker.run(TestMethodWorker.java:128)
at java.util.ArrayList.forEach(ArrayList.java:1257)
at org.testng.TestRunner.privateRun(TestRunner.java:770)
at org.testng.TestRunner.run(TestRunner.java:591)
at org.testng.SuiteRunner.runTest(SuiteRunner.java:402)
at org.testng.SuiteRunner.runSequentially(SuiteRunner.java:396)
at org.testng.SuiteRunner.privateRun(SuiteRunner.java:355)
at org.testng.SuiteRunner.run(SuiteRunner.java:304)
at org.testng.SuiteRunnerWorker.runSuite(SuiteRunnerWorker.java:53)
at org.testng.SuiteRunnerWorker.run(SuiteRunnerWorker.java:96)
at org.testng.TestNG.runSuitesSequentially(TestNG.java:1180)
at org.testng.TestNG.runSuitesLocally(TestNG.java:1102)
at org.testng.TestNG.runSuites(TestNG.java:1032)
at org.testng.TestNG.run(TestNG.java:1000)
at org.testng.remote.AbstractRemoteTestNG.run(AbstractRemoteTestNG.java:115)
at org.testng.remote.RemoteTestNG.initAndRun(RemoteTestNG.java:251)
at org.testng.remote.RemoteTestNG.main(RemoteTestNG.java:77)
]]>
            </full-stacktrace>
          </exception> <!-- java.lang.AssertionError -->
          <reporter-output>
          </reporter-output>
        </test-method> <!-- tc_01_currencyConversionValidation -->
        <test-method status="PASS" signature="teardown(org.testng.ITestResult)[pri:0, instance:com.org.tests.CurrencyConverterTests@2353b3e6]" name="teardown" is-config="true" duration-ms="1231" started-at="2019-11-12T23:57:22 CET" finished-at="2019-11-12T23:57:23 CET">
          <params>
            <param index="0">
              <value>
                <![CDATA[[TestResult name=tc_01_currencyConversionValidation status=FAILURE method=CurrencyConverterTests.tc_01_currencyConversionValidation(java.lang.String, java.lang.String, java.lang.String)[pri:0, instance:com.org.tests.CurrencyConverterTests@2353b3e6] output={null}]]]>
              </value>
            </param>
          </params>
          <reporter-output>
          </reporter-output>
        </test-method> <!-- teardown -->
        <test-method status="PASS" signature="setUp()[pri:0, instance:com.org.tests.CurrencyConverterTests@2353b3e6]" name="setUp" is-config="true" duration-ms="4536" started-at="2019-11-12T23:57:23 CET" finished-at="2019-11-12T23:57:27 CET">
          <reporter-output>
          </reporter-output>
        </test-method> <!-- setUp -->
        <test-method status="FAIL" signature="tc_01_currencyConversionValidation(java.lang.String, java.lang.String, java.lang.String)[pri:0, instance:com.org.tests.CurrencyConverterTests@2353b3e6]" name="tc_01_currencyConversionValidation" duration-ms="22217" started-at="2019-11-12T23:57:27 CET" data-provider="CurrencyInput" finished-at="2019-11-12T23:57:50 CET">
          <params>
            <param index="0">
              <value>
                <![CDATA[CAD]]>
              </value>
            </param>
            <param index="1">
              <value>
                <![CDATA[MXN]]>
              </value>
            </param>
            <param index="2">
              <value>
                <![CDATA[14.66340 MXN]]>
              </value>
            </param>
          </params>
          <exception class="java.lang.AssertionError">
            <message>
              <![CDATA[Actual heading '1 CAD to MXN' should be same as expected heading 'CAD to MXN'. expected [CAD to MXN] but found [1 CAD to MXN]]]>
            </message>
            <full-stacktrace>
              <![CDATA[java.lang.AssertionError: Actual heading '1 CAD to MXN' should be same as expected heading 'CAD to MXN'. expected [CAD to MXN] but found [1 CAD to MXN]
at org.testng.Assert.fail(Assert.java:97)
at org.testng.Assert.assertEqualsImpl(Assert.java:136)
at org.testng.Assert.assertEquals(Assert.java:118)
at org.testng.Assert.assertEquals(Assert.java:575)
at com.org.pages.CurrencyConverterResultsPage.CurrencyConverterResultsPageHeaderCheck(CurrencyConverterResultsPage.java:37)
at com.org.tests.CurrencyConverterTests.tc_01_currencyConversionValidation(CurrencyConverterTests.java:30)
at sun.reflect.NativeMethodAccessorImpl.invoke0(Native Method)
at sun.reflect.NativeMethodAccessorImpl.invoke(NativeMethodAccessorImpl.java:62)
at sun.reflect.DelegatingMethodAccessorImpl.invoke(DelegatingMethodAccessorImpl.java:43)
at java.lang.reflect.Method.invoke(Method.java:498)
at org.testng.internal.MethodInvocationHelper.invokeMethod(MethodInvocationHelper.java:133)
at org.testng.internal.TestInvoker.invokeMethod(TestInvoker.java:584)
at org.testng.internal.TestInvoker.invokeTestMethod(TestInvoker.java:172)
at org.testng.internal.MethodRunner.runInSequence(MethodRunner.java:46)
at org.testng.internal.TestInvoker$MethodInvocationAgent.invoke(TestInvoker.java:804)
at org.testng.internal.TestInvoker.invokeTestMethods(TestInvoker.java:145)
at org.testng.internal.TestMethodWorker.invokeTestMethods(TestMethodWorker.java:146)
at org.testng.internal.TestMethodWorker.run(TestMethodWorker.java:128)
at java.util.ArrayList.forEach(ArrayList.java:1257)
at org.testng.TestRunner.privateRun(TestRunner.java:770)
at org.testng.TestRunner.run(TestRunner.java:591)
at org.testng.SuiteRunner.runTest(SuiteRunner.java:402)
at org.testng.SuiteRunner.runSequentially(SuiteRunner.java:396)
at org.testng.SuiteRunner.privateRun(SuiteRunner.java:355)
at org.testng.SuiteRunner.run(SuiteRunner.java:304)
at org.testng.SuiteRunnerWorker.runSuite(SuiteRunnerWorker.java:53)
at org.testng.SuiteRunnerWorker.run(SuiteRunnerWorker.java:96)
at org.testng.TestNG.runSuitesSequentially(TestNG.java:1180)
at org.testng.TestNG.runSuitesLocally(TestNG.java:1102)
at org.testng.TestNG.runSuites(TestNG.java:1032)
at org.testng.TestNG.run(TestNG.java:1000)
at org.testng.remote.AbstractRemoteTestNG.run(AbstractRemoteTestNG.java:115)
at org.testng.remote.RemoteTestNG.initAndRun(RemoteTestNG.java:251)
at org.testng.remote.RemoteTestNG.main(RemoteTestNG.java:77)
]]>
            </full-stacktrace>
          </exception> <!-- java.lang.AssertionError -->
          <reporter-output>
          </reporter-output>
        </test-method> <!-- tc_01_currencyConversionValidation -->
        <test-method status="PASS" signature="teardown(org.testng.ITestResult)[pri:0, instance:com.org.tests.CurrencyConverterTests@2353b3e6]" name="teardown" is-config="true" duration-ms="1188" started-at="2019-11-12T23:57:50 CET" finished-at="2019-11-12T23:57:51 CET">
          <params>
            <param index="0">
              <value>
                <![CDATA[[TestResult name=tc_01_currencyConversionValidation status=FAILURE method=CurrencyConverterTests.tc_01_currencyConversionValidation(java.lang.String, java.lang.String, java.lang.String)[pri:0, instance:com.org.tests.CurrencyConverterTests@2353b3e6] output={null}]]]>
              </value>
            </param>
          </params>
          <reporter-output>
          </reporter-output>
        </test-method> <!-- teardown -->
        <test-method status="PASS" signature="setUp()[pri:0, instance:com.org.tests.CurrencyConverterTests@2353b3e6]" name="setUp" is-config="true" duration-ms="4466" started-at="2019-11-12T23:57:51 CET" finished-at="2019-11-12T23:57:55 CET">
          <reporter-output>
          </reporter-output>
        </test-method> <!-- setUp -->
        <test-method status="FAIL" signature="tc_01_currencyConversionValidation(java.lang.String, java.lang.String, java.lang.String)[pri:0, instance:com.org.tests.CurrencyConverterTests@2353b3e6]" name="tc_01_currencyConversionValidation" duration-ms="22593" started-at="2019-11-12T23:57:55 CET" data-provider="CurrencyInput" finished-at="2019-11-12T23:58:18 CET">
          <params>
            <param index="0">
              <value>
                <![CDATA[AUD]]>
              </value>
            </param>
            <param index="1">
              <value>
                <![CDATA[NZD]]>
              </value>
            </param>
            <param index="2">
              <value>
                <![CDATA[1.07160 NZD]]>
              </value>
            </param>
          </params>
          <exception class="java.lang.AssertionError">
            <message>
              <![CDATA[Actual heading '1 AUD to NZD' should be same as expected heading 'AUD to NZD'. expected [AUD to NZD] but found [1 AUD to NZD]]]>
            </message>
            <full-stacktrace>
              <![CDATA[java.lang.AssertionError: Actual heading '1 AUD to NZD' should be same as expected heading 'AUD to NZD'. expected [AUD to NZD] but found [1 AUD to NZD]
at org.testng.Assert.fail(Assert.java:97)
at org.testng.Assert.assertEqualsImpl(Assert.java:136)
at org.testng.Assert.assertEquals(Assert.java:118)
at org.testng.Assert.assertEquals(Assert.java:575)
at com.org.pages.CurrencyConverterResultsPage.CurrencyConverterResultsPageHeaderCheck(CurrencyConverterResultsPage.java:37)
at com.org.tests.CurrencyConverterTests.tc_01_currencyConversionValidation(CurrencyConverterTests.java:30)
at sun.reflect.NativeMethodAccessorImpl.invoke0(Native Method)
at sun.reflect.NativeMethodAccessorImpl.invoke(NativeMethodAccessorImpl.java:62)
at sun.reflect.DelegatingMethodAccessorImpl.invoke(DelegatingMethodAccessorImpl.java:43)
at java.lang.reflect.Method.invoke(Method.java:498)
at org.testng.internal.MethodInvocationHelper.invokeMethod(MethodInvocationHelper.java:133)
at org.testng.internal.TestInvoker.invokeMethod(TestInvoker.java:584)
at org.testng.internal.TestInvoker.invokeTestMethod(TestInvoker.java:172)
at org.testng.internal.MethodRunner.runInSequence(MethodRunner.java:46)
at org.testng.internal.TestInvoker$MethodInvocationAgent.invoke(TestInvoker.java:804)
at org.testng.internal.TestInvoker.invokeTestMethods(TestInvoker.java:145)
at org.testng.internal.TestMethodWorker.invokeTestMethods(TestMethodWorker.java:146)
at org.testng.internal.TestMethodWorker.run(TestMethodWorker.java:128)
at java.util.ArrayList.forEach(ArrayList.java:1257)
at org.testng.TestRunner.privateRun(TestRunner.java:770)
at org.testng.TestRunner.run(TestRunner.java:591)
at org.testng.SuiteRunner.runTest(SuiteRunner.java:402)
at org.testng.SuiteRunner.runSequentially(SuiteRunner.java:396)
at org.testng.SuiteRunner.privateRun(SuiteRunner.java:355)
at org.testng.SuiteRunner.run(SuiteRunner.java:304)
at org.testng.SuiteRunnerWorker.runSuite(SuiteRunnerWorker.java:53)
at org.testng.SuiteRunnerWorker.run(SuiteRunnerWorker.java:96)
at org.testng.TestNG.runSuitesSequentially(TestNG.java:1180)
at org.testng.TestNG.runSuitesLocally(TestNG.java:1102)
at org.testng.TestNG.runSuites(TestNG.java:1032)
at org.testng.TestNG.run(TestNG.java:1000)
at org.testng.remote.AbstractRemoteTestNG.run(AbstractRemoteTestNG.java:115)
at org.testng.remote.RemoteTestNG.initAndRun(RemoteTestNG.java:251)
at org.testng.remote.RemoteTestNG.main(RemoteTestNG.java:77)
]]>
            </full-stacktrace>
          </exception> <!-- java.lang.AssertionError -->
          <reporter-output>
          </reporter-output>
        </test-method> <!-- tc_01_currencyConversionValidation -->
        <test-method status="PASS" signature="teardown(org.testng.ITestResult)[pri:0, instance:com.org.tests.CurrencyConverterTests@2353b3e6]" name="teardown" is-config="true" duration-ms="1188" started-at="2019-11-12T23:58:18 CET" finished-at="2019-11-12T23:58:19 CET">
          <params>
            <param index="0">
              <value>
                <![CDATA[[TestResult name=tc_01_currencyConversionValidation status=FAILURE method=CurrencyConverterTests.tc_01_currencyConversionValidation(java.lang.String, java.lang.String, java.lang.String)[pri:0, instance:com.org.tests.CurrencyConverterTests@2353b3e6] output={null}]]]>
              </value>
            </param>
          </params>
          <reporter-output>
          </reporter-output>
        </test-method> <!-- teardown -->
      </class> <!-- com.org.tests.CurrencyConverterTests -->
    </test> <!-- Default test -->
  </suite> <!-- Default suite -->
</testng-results>
