<?xml version="1.0" encoding="UTF-8"?>
<!-- Generated by org.testng.reporters.JUnitReportReporter -->
<testsuite skipped="0" hostname="LAPTOP-A5GJABUP" name="FirstClassSelenium.FirstClassSelenium.SeleniumExcercises" tests="1" failures="0" timestamp="2020-01-20T21:31:05 CET" time="2.129" errors="1">
  <testcase name="fluent_Wait" time="2.129" classname="FirstClassSelenium.FirstClassSelenium.SeleniumExcercises">
    <error type="org.openqa.selenium.SessionNotCreatedException" message="session not created: This version of ChromeDriver only supports Chrome version 77
Build info: version: &#039;4.0.0-alpha-2&#039;, revision: &#039;f148142cf8&#039;, time: &#039;2019-07-01T20:55:26&#039;
System info: host: &#039;LAPTOP-A5GJABUP&#039;, ip: &#039;192.168.2.5&#039;, os.name: &#039;Windows 10&#039;, os.arch: &#039;amd64&#039;, os.version: &#039;10.0&#039;, java.version: &#039;1.8.0_212&#039;
Driver info: driver.version: ChromeDriver
remote stacktrace: Backtrace:
	Ordinal0 [0x0051EB13+1501971]
	Ordinal0 [0x0049F6D1+980689]
	Ordinal0 [0x0042765F+489055]
	Ordinal0 [0x003BF2F4+62196]
	Ordinal0 [0x003BBCDA+48346]
	Ordinal0 [0x003D9800+169984]
	Ordinal0 [0x003D942D+169005]
	Ordinal0 [0x003D78EB+162027]
	Ordinal0 [0x003C0AC7+68295]
	Ordinal0 [0x003C1B40+72512]
	Ordinal0 [0x003C1AD9+72409]
	Ordinal0 [0x004B8F37+1085239]
	GetHandleVerifier [0x005BD7ED+503293]
	GetHandleVerifier [0x005BD580+502672]
	GetHandleVerifier [0x005C46AC+531644]
	GetHandleVerifier [0x005BDFFA+505354]
	Ordinal0 [0x004B0606+1050118]
	Ordinal0 [0x004B047F+1049727]
	Ordinal0 [0x004BAF9B+1093531]
	Ordinal0 [0x004BB103+1093891]
	Ordinal0 [0x004BA095+1089685]
	BaseThreadInitThunk [0x76D10419+25]
	RtlGetAppContainerNamedObjectPath [0x770B662D+237]
	RtlGetAppContainerNamedObjectPath [0x770B65FD+189]
">
      <![CDATA[org.openqa.selenium.SessionNotCreatedException: session not created: This version of ChromeDriver only supports Chrome version 77
Build info: version: '4.0.0-alpha-2', revision: 'f148142cf8', time: '2019-07-01T20:55:26'
System info: host: 'LAPTOP-A5GJABUP', ip: '192.168.2.5', os.name: 'Windows 10', os.arch: 'amd64', os.version: '10.0', java.version: '1.8.0_212'
Driver info: driver.version: ChromeDriver
remote stacktrace: Backtrace:
Ordinal0 [0x0051EB13+1501971]
Ordinal0 [0x0049F6D1+980689]
Ordinal0 [0x0042765F+489055]
Ordinal0 [0x003BF2F4+62196]
Ordinal0 [0x003BBCDA+48346]
Ordinal0 [0x003D9800+169984]
Ordinal0 [0x003D942D+169005]
Ordinal0 [0x003D78EB+162027]
Ordinal0 [0x003C0AC7+68295]
Ordinal0 [0x003C1B40+72512]
Ordinal0 [0x003C1AD9+72409]
Ordinal0 [0x004B8F37+1085239]
GetHandleVerifier [0x005BD7ED+503293]
GetHandleVerifier [0x005BD580+502672]
GetHandleVerifier [0x005C46AC+531644]
GetHandleVerifier [0x005BDFFA+505354]
Ordinal0 [0x004B0606+1050118]
Ordinal0 [0x004B047F+1049727]
Ordinal0 [0x004BAF9B+1093531]
Ordinal0 [0x004BB103+1093891]
Ordinal0 [0x004BA095+1089685]
BaseThreadInitThunk [0x76D10419+25]
RtlGetAppContainerNamedObjectPath [0x770B662D+237]
RtlGetAppContainerNamedObjectPath [0x770B65FD+189]

at sun.reflect.NativeConstructorAccessorImpl.newInstance0(Native Method)
at sun.reflect.NativeConstructorAccessorImpl.newInstance(Unknown Source)
at sun.reflect.DelegatingConstructorAccessorImpl.newInstance(Unknown Source)
at java.lang.reflect.Constructor.newInstance(Unknown Source)
at org.openqa.selenium.remote.W3CHandshakeResponse.lambda$errorHandler$0(W3CHandshakeResponse.java:62)
at org.openqa.selenium.remote.HandshakeResponse.lambda$getResponseFunction$0(HandshakeResponse.java:30)
at org.openqa.selenium.remote.ProtocolHandshake.lambda$createSession$1(ProtocolHandshake.java:127)
at java.util.stream.ReferencePipeline$3$1.accept(Unknown Source)
at java.util.Spliterators$ArraySpliterator.tryAdvance(Unknown Source)
at java.util.stream.ReferencePipeline.forEachWithCancel(Unknown Source)
at java.util.stream.AbstractPipeline.copyIntoWithCancel(Unknown Source)
at java.util.stream.AbstractPipeline.copyInto(Unknown Source)
at java.util.stream.AbstractPipeline.wrapAndCopyInto(Unknown Source)
at java.util.stream.FindOps$FindOp.evaluateSequential(Unknown Source)
at java.util.stream.AbstractPipeline.evaluate(Unknown Source)
at java.util.stream.ReferencePipeline.findFirst(Unknown Source)
at org.openqa.selenium.remote.ProtocolHandshake.createSession(ProtocolHandshake.java:129)
at org.openqa.selenium.remote.ProtocolHandshake.createSession(ProtocolHandshake.java:75)
at org.openqa.selenium.remote.HttpCommandExecutor.execute(HttpCommandExecutor.java:139)
at org.openqa.selenium.remote.service.DriverCommandExecutor.execute(DriverCommandExecutor.java:83)
at org.openqa.selenium.remote.RemoteWebDriver.execute(RemoteWebDriver.java:576)
at org.openqa.selenium.remote.RemoteWebDriver.startSession(RemoteWebDriver.java:210)
at org.openqa.selenium.remote.RemoteWebDriver.<init>(RemoteWebDriver.java:130)
at org.openqa.selenium.chromium.ChromiumDriver.<init>(ChromiumDriver.java:73)
at org.openqa.selenium.chrome.ChromeDriver.<init>(ChromeDriver.java:163)
at org.openqa.selenium.chrome.ChromeDriver.<init>(ChromeDriver.java:150)
at org.openqa.selenium.chrome.ChromeDriver.<init>(ChromeDriver.java:105)
at FirstClassSelenium.FirstClassSelenium.SeleniumExcercises.fluent_Wait(SeleniumExcercises.java:478)
at sun.reflect.NativeMethodAccessorImpl.invoke0(Native Method)
at sun.reflect.NativeMethodAccessorImpl.invoke(Unknown Source)
at sun.reflect.DelegatingMethodAccessorImpl.invoke(Unknown Source)
at java.lang.reflect.Method.invoke(Unknown Source)
at org.testng.internal.MethodInvocationHelper.invokeMethod(MethodInvocationHelper.java:133)
at org.testng.internal.TestInvoker.invokeMethod(TestInvoker.java:584)
at org.testng.internal.TestInvoker.invokeTestMethod(TestInvoker.java:172)
at org.testng.internal.MethodRunner.runInSequence(MethodRunner.java:46)
at org.testng.internal.TestInvoker$MethodInvocationAgent.invoke(TestInvoker.java:804)
at org.testng.internal.TestInvoker.invokeTestMethods(TestInvoker.java:145)
at org.testng.internal.TestMethodWorker.invokeTestMethods(TestMethodWorker.java:146)
at org.testng.internal.TestMethodWorker.run(TestMethodWorker.java:128)
at java.util.ArrayList.forEach(Unknown Source)
at org.testng.TestRunner.privateRun(TestRunner.java:770)
at org.testng.TestRunner.run(TestRunner.java:591)
at org.testng.SuiteRunner.runTest(SuiteRunner.java:402)
at org.testng.SuiteRunner.runSequentially(SuiteRunner.java:396)
at org.testng.SuiteRunner.privateRun(SuiteRunner.java:355)
at org.testng.SuiteRunner.run(SuiteRunner.java:304)
at org.testng.SuiteRunnerWorker.runSuite(SuiteRunnerWorker.java:53)
at org.testng.SuiteRunnerWorker.run(SuiteRunnerWorker.java:96)
at org.testng.TestNG.runSuitesSequentially(TestNG.java:1180)
at org.testng.TestNG.runSuitesLocally(TestNG.java:1102)
at org.testng.TestNG.runSuites(TestNG.java:1032)
at org.testng.TestNG.run(TestNG.java:1000)
at org.testng.remote.AbstractRemoteTestNG.run(AbstractRemoteTestNG.java:115)
at org.testng.remote.RemoteTestNG.initAndRun(RemoteTestNG.java:251)
at org.testng.remote.RemoteTestNG.main(RemoteTestNG.java:77)
]]>
    </error>
  </testcase> <!-- fluent_Wait -->
</testsuite> <!-- FirstClassSelenium.FirstClassSelenium.SeleniumExcercises -->
