<?xml version="1.0" encoding="UTF-8"?>
<!-- Generated by org.testng.reporters.JUnitXMLReporter -->
<testsuite hostname="LAPTOP-A5GJABUP" ignored="0" name="Chrome Test" tests="2" failures="2" timestamp="2020-01-25T01:17:53 CET" time="8.155" errors="0">
  <testcase name="testApp" time="1.151" classname="FirstClassSelenium.FirstClassSelenium.SeleniumGridTest">
    <failure type="java.lang.NoClassDefFoundError" message="org/openqa/selenium/internal/Locatable">
      <![CDATA[java.lang.NoClassDefFoundError: org/openqa/selenium/internal/Locatable
at java.lang.ClassLoader.defineClass1(Native Method)
at java.lang.ClassLoader.defineClass(ClassLoader.java:763)
at java.security.SecureClassLoader.defineClass(SecureClassLoader.java:142)
at java.net.URLClassLoader.defineClass(URLClassLoader.java:468)
at java.net.URLClassLoader.access$100(URLClassLoader.java:74)
at java.net.URLClassLoader$1.run(URLClassLoader.java:369)
at java.net.URLClassLoader$1.run(URLClassLoader.java:363)
at java.security.AccessController.doPrivileged(Native Method)
at java.net.URLClassLoader.findClass(URLClassLoader.java:362)
at java.lang.ClassLoader.loadClass(ClassLoader.java:424)
at sun.misc.Launcher$AppClassLoader.loadClass(Launcher.java:349)
at java.lang.ClassLoader.loadClass(ClassLoader.java:357)
at org.openqa.selenium.remote.internal.JsonToWebElementConverter.newRemoteWebElement(JsonToWebElementConverter.java:77)
at org.openqa.selenium.remote.internal.JsonToWebElementConverter.apply(JsonToWebElementConverter.java:58)
at org.openqa.selenium.remote.RemoteWebDriver.execute(RemoteWebDriver.java:646)
at org.openqa.selenium.remote.RemoteWebDriver.findElement(RemoteWebDriver.java:410)
at org.openqa.selenium.remote.RemoteWebDriver.findElementByName(RemoteWebDriver.java:485)
at org.openqa.selenium.By$ByName.findElement(By.java:284)
at org.openqa.selenium.remote.RemoteWebDriver.findElement(RemoteWebDriver.java:402)
at FirstClassSelenium.FirstClassSelenium.SeleniumGridTest.testApp(SeleniumGridTest.java:66)
at java.util.ArrayList.forEach(ArrayList.java:1257)
Caused by: java.lang.ClassNotFoundException: org.openqa.selenium.internal.Locatable
at java.net.URLClassLoader.findClass(URLClassLoader.java:382)
at java.lang.ClassLoader.loadClass(ClassLoader.java:424)
at sun.misc.Launcher$AppClassLoader.loadClass(Launcher.java:349)
at java.lang.ClassLoader.loadClass(ClassLoader.java:357)
... 48 more
... Removed 27 stack frames]]>
    </failure>
  </testcase> <!-- testApp -->
  <testcase name="testApp1" time="1.12" classname="FirstClassSelenium.FirstClassSelenium.SeleniumGridTest">
    <failure type="java.lang.NoClassDefFoundError" message="org/openqa/selenium/remote/RemoteWebElement">
      <![CDATA[java.lang.NoClassDefFoundError: org/openqa/selenium/remote/RemoteWebElement
at org.openqa.selenium.remote.internal.JsonToWebElementConverter.newRemoteWebElement(JsonToWebElementConverter.java:77)
at org.openqa.selenium.remote.internal.JsonToWebElementConverter.apply(JsonToWebElementConverter.java:58)
at org.openqa.selenium.remote.RemoteWebDriver.execute(RemoteWebDriver.java:646)
at org.openqa.selenium.remote.RemoteWebDriver.findElement(RemoteWebDriver.java:410)
at org.openqa.selenium.remote.RemoteWebDriver.findElementByName(RemoteWebDriver.java:485)
at org.openqa.selenium.By$ByName.findElement(By.java:284)
at org.openqa.selenium.remote.RemoteWebDriver.findElement(RemoteWebDriver.java:402)
at FirstClassSelenium.FirstClassSelenium.SeleniumGridTest.testApp1(SeleniumGridTest.java:90)
at java.util.ArrayList.forEach(ArrayList.java:1257)
... Removed 27 stack frames]]>
    </failure>
  </testcase> <!-- testApp1 -->
</testsuite> <!-- Chrome Test -->
