<?xml version="1.0" encoding="UTF-8"?>
<!-- Generated by org.testng.reporters.JUnitXMLReporter -->
<testsuite hostname="LAPTOP-A5GJABUP" ignored="0" name="InegrationTest" tests="1" failures="1" timestamp="21 Oct 2019 20:07:08 GMT" time="0.02" errors="0">
  <testcase name="CreateCustomer" time="0.015" classname="RegressionTestPackage.RegComponent1.RegressionTCs">
    <failure type="java.lang.AssertionError" message="The following asserts failed:
	expected [annan] but found [kannan]">
      <![CDATA[java.lang.AssertionError: The following asserts failed:
expected [annan] but found [kannan]
at RegressionTestPackage.RegComponent1.RegressionTCs.CreateCustomer(RegressionTCs.java:52)
... Removed 26 stack frames]]>
    </failure>
  </testcase> <!-- CreateCustomer -->
</testsuite> <!-- InegrationTest -->
