<?xml version="1.0" encoding="UTF-8"?>
<!-- Generated by org.testng.reporters.JUnitXMLReporter -->
<testsuite hostname="LAPTOP-A5GJABUP" ignored="0" name="RegressionTest" tests="5" failures="2" timestamp="21 Oct 2019 20:07:08 GMT" time="0.125" errors="0">
  <testcase name="Component1TC1" time="0.0" classname="SmokeTestPackage.Component1"/>
  <testcase name="Component1TC2" time="0.011" classname="SmokeTestPackage.Component1"/>
  <testcase name="Component1TC3" time="0.0" classname="SmokeTestPackage.Component1"/>
  <testcase name="Component2TC1" time="0.084" classname="SmokeTestPackage.Component2">
    <failure type="java.lang.NoClassDefFoundError" message="org/openqa/selenium/remote/AbstractDriverOptions">
      <![CDATA[java.lang.NoClassDefFoundError: org/openqa/selenium/remote/AbstractDriverOptions
at java.lang.ClassLoader.defineClass1(Native Method)
at java.lang.ClassLoader.defineClass(ClassLoader.java:763)
at java.security.SecureClassLoader.defineClass(SecureClassLoader.java:142)
at java.net.URLClassLoader.defineClass(URLClassLoader.java:468)
at java.net.URLClassLoader.access$100(URLClassLoader.java:74)
at java.net.URLClassLoader$1.run(URLClassLoader.java:369)
at java.net.URLClassLoader$1.run(URLClassLoader.java:363)
at java.security.AccessController.doPrivileged(Native Method)
at java.net.URLClassLoader.findClass(URLClassLoader.java:362)
at java.lang.ClassLoader.loadClass(ClassLoader.java:424)
at sun.misc.Launcher$AppClassLoader.loadClass(Launcher.java:349)
at java.lang.ClassLoader.loadClass(ClassLoader.java:357)
at java.lang.ClassLoader.defineClass1(Native Method)
at java.lang.ClassLoader.defineClass(ClassLoader.java:763)
at java.security.SecureClassLoader.defineClass(SecureClassLoader.java:142)
at java.net.URLClassLoader.defineClass(URLClassLoader.java:468)
at java.net.URLClassLoader.access$100(URLClassLoader.java:74)
at java.net.URLClassLoader$1.run(URLClassLoader.java:369)
at java.net.URLClassLoader$1.run(URLClassLoader.java:363)
at java.security.AccessController.doPrivileged(Native Method)
at java.net.URLClassLoader.findClass(URLClassLoader.java:362)
at java.lang.ClassLoader.loadClass(ClassLoader.java:424)
at sun.misc.Launcher$AppClassLoader.loadClass(Launcher.java:349)
at java.lang.ClassLoader.loadClass(ClassLoader.java:357)
at org.openqa.selenium.chrome.ChromeDriver.<init>(ChromeDriver.java:105)
at SmokeTestPackage.Component2.Component2TC1(Component2.java:28)
Caused by: java.lang.ClassNotFoundException: org.openqa.selenium.remote.AbstractDriverOptions
at java.net.URLClassLoader.findClass(URLClassLoader.java:382)
at java.lang.ClassLoader.loadClass(ClassLoader.java:424)
at sun.misc.Launcher$AppClassLoader.loadClass(Launcher.java:349)
at java.lang.ClassLoader.loadClass(ClassLoader.java:357)
... 51 more
... Removed 25 stack frames]]>
    </failure>
  </testcase> <!-- Component2TC1 -->
  <testcase name="CreateCustomer" time="0.01" classname="RegressionTestPackage.RegComponent1.RegressionTCs">
    <failure type="java.lang.AssertionError" message="The following asserts failed:
	expected [annan] but found [kannan]">
      <![CDATA[java.lang.AssertionError: The following asserts failed:
expected [annan] but found [kannan]
at RegressionTestPackage.RegComponent1.RegressionTCs.CreateCustomer(RegressionTCs.java:52)
... Removed 26 stack frames]]>
    </failure>
  </testcase> <!-- CreateCustomer -->
</testsuite> <!-- RegressionTest -->
